2025-12-15 13:50:32.945  INFO 10672 --- [main] (system) c.example.MyProjectBackendApplication    : Starting MyProjectBackendApplication using Java 17.0.2 with PID 10672 (E:\0_Java\Project\SpringBoot-Vue-JWT-Template\my-project-backend\target\classes started by LaYue in E:\0_Java\Project\SpringBoot-Vue-JWT-Template)
2025-12-15 13:50:32.949  INFO 10672 --- [main] (system) c.example.MyProjectBackendApplication    : The following 1 profile is active: "dev"
2025-12-15 13:50:33.554  INFO 10672 --- [main] (system) .s.d.r.c.RepositoryConfigurationDelegate : Multiple Spring Data modules found, entering strict repository configuration mode
2025-12-15 13:50:33.556  INFO 10672 --- [main] (system) .s.d.r.c.RepositoryConfigurationDelegate : Bootstrapping Spring Data Redis repositories in DEFAULT mode.
2025-12-15 13:50:33.575  INFO 10672 --- [main] (system) .s.d.r.c.RepositoryConfigurationDelegate : Finished Spring Data repository scanning in 7 ms. Found 0 Redis repository interfaces.
2025-12-15 13:50:33.974  INFO 10672 --- [main] (system) o.s.b.w.embedded.tomcat.TomcatWebServer  : Tomcat initialized with port 8080 (http)
2025-12-15 13:50:33.983  INFO 10672 --- [main] (system) o.apache.catalina.core.StandardService   : Starting service [Tomcat]
2025-12-15 13:50:33.983  INFO 10672 --- [main] (system) o.apache.catalina.core.StandardEngine    : Starting Servlet engine: [Apache Tomcat/10.1.49]
2025-12-15 13:50:34.034  INFO 10672 --- [main] (system) o.a.c.c.C.[Tomcat].[localhost].[/]       : Initializing Spring embedded WebApplicationContext
2025-12-15 13:50:34.035  INFO 10672 --- [main] (system) w.s.c.ServletWebServerApplicationContext : Root WebApplicationContext: initialization completed in 1060 ms
2025-12-15 13:50:34.740  INFO 10672 --- [main] (system) r$InitializeUserDetailsManagerConfigurer : Global AuthenticationManager configured with UserDetailsService bean with name accountServiceImpl
2025-12-15 13:50:35.204  INFO 10672 --- [main] (system) o.s.b.w.embedded.tomcat.TomcatWebServer  : Tomcat started on port 8080 (http) with context path '/'
2025-12-15 13:50:35.207  INFO 10672 --- [main] (system) o.s.a.r.c.CachingConnectionFactory       : Attempting to connect to: [localhost:5672]
2025-12-15 13:50:35.242  INFO 10672 --- [main] (system) o.s.a.r.c.CachingConnectionFactory       : Created new connection: rabbitConnectionFactory#2a661215:0/SimpleConnection@1a56f608 [delegate=amqp://guest@127.0.0.1:5672/, localPort=5688]
2025-12-15 13:50:35.277  INFO 10672 --- [main] (system) c.example.MyProjectBackendApplication    : Started MyProjectBackendApplication in 2.728 seconds (process running for 3.159)
2025-12-15 13:50:54.848  INFO 10672 --- [http-nio-8080-exec-1] (system) o.a.c.c.C.[Tomcat].[localhost].[/]       : Initializing Spring DispatcherServlet 'dispatcherServlet'
2025-12-15 13:50:54.848  INFO 10672 --- [http-nio-8080-exec-1] (system) o.s.web.servlet.DispatcherServlet        : Initializing Servlet 'dispatcherServlet'
2025-12-15 13:50:54.850  INFO 10672 --- [http-nio-8080-exec-1] (system) o.s.web.servlet.DispatcherServlet        : Completed initialization in 1 ms
2025-12-15 13:50:55.773  INFO 10672 --- [http-nio-8080-exec-3] (system) o.springdoc.api.AbstractOpenApiResource  : Init duration for springdoc-openapi is: 596 ms
2025-12-15 13:51:16.560  INFO 10672 --- [http-nio-8080-exec-10] (system) com.zaxxer.hikari.HikariDataSource       : HikariPool-1 - Starting...
2025-12-15 13:51:16.872  INFO 10672 --- [http-nio-8080-exec-10] (system) com.zaxxer.hikari.pool.HikariPool        : HikariPool-1 - Added connection com.mysql.cj.jdbc.ConnectionImpl@32d62104
2025-12-15 13:51:16.874  INFO 10672 --- [http-nio-8080-exec-10] (system) com.zaxxer.hikari.HikariDataSource       : HikariPool-1 - Start completed.
2025-12-15 13:51:23.054  INFO 10672 --- [http-nio-8080-exec-1] (313272451888975872) com.example.filter.RequestLogFilter      : 请求URL: "/api/auth/logout" (OPTIONS) | 远程IP地址: 0:0:0:0:0:0:0:1 │ 身份: 未验证 | 请求参数列表: {}
2025-12-15 13:51:23.069  INFO 10672 --- [http-nio-8080-exec-1] (313272451888975872) com.example.filter.RequestLogFilter      : 请求处理耗时: 16ms | 响应结果: 
2025-12-15 13:51:54.130  INFO 10672 --- [http-nio-8080-exec-5] (313272582235361280) com.example.filter.RequestLogFilter      : 请求URL: "/api/auth/logout" (OPTIONS) | 远程IP地址: 0:0:0:0:0:0:0:1 │ 身份: 未验证 | 请求参数列表: {}
2025-12-15 13:51:54.133  INFO 10672 --- [http-nio-8080-exec-5] (313272582235361280) com.example.filter.RequestLogFilter      : 请求处理耗时: 3ms | 响应结果: 
2025-12-15 13:52:10.975  INFO 10672 --- [http-nio-8080-exec-1] (313272652888412160) com.example.filter.RequestLogFilter      : 请求URL: "/api/auth/ask-code" (GET) | 远程IP地址: 0:0:0:0:0:0:0:1 │ 身份: 未验证 | 请求参数列表: {"email":"189156197@qq.com","type":"reset"}
2025-12-15 13:52:11.080  INFO 10672 --- [http-nio-8080-exec-1] (313272652888412160) com.example.filter.RequestLogFilter      : 请求处理耗时: 105ms | 响应结果: {"id":313272652888412160,"code":200,"data":null,"message":"请求成功"}
2025-12-15 13:52:34.795  INFO 10672 --- [http-nio-8080-exec-9] (313272752796733440) com.example.filter.RequestLogFilter      : 请求URL: "/api/auth/reset-confirm" (OPTIONS) | 远程IP地址: 0:0:0:0:0:0:0:1 │ 身份: 未验证 | 请求参数列表: {}
2025-12-15 13:52:34.796  INFO 10672 --- [http-nio-8080-exec-9] (313272752796733440) com.example.filter.RequestLogFilter      : 请求处理耗时: 1ms | 响应结果: 
2025-12-15 13:52:34.800  INFO 10672 --- [http-nio-8080-exec-2] (313272752813510656) com.example.filter.RequestLogFilter      : 请求URL: "/api/auth/reset-confirm" (POST) | 远程IP地址: 0:0:0:0:0:0:0:1 │ 身份: 未验证 | 请求参数列表: {}
2025-12-15 13:52:34.848  INFO 10672 --- [http-nio-8080-exec-2] (313272752813510656) com.example.filter.RequestLogFilter      : 请求处理耗时: 49ms | 响应结果: {"id":313272752813510656,"code":200,"data":null,"message":"请求成功"}
2025-12-15 13:52:47.218  INFO 10672 --- [http-nio-8080-exec-5] (313272804902572032) com.example.filter.RequestLogFilter      : 请求URL: "/api/auth/reset-password" (OPTIONS) | 远程IP地址: 0:0:0:0:0:0:0:1 │ 身份: 未验证 | 请求参数列表: {}
2025-12-15 13:52:47.218  INFO 10672 --- [http-nio-8080-exec-5] (313272804902572032) com.example.filter.RequestLogFilter      : 请求处理耗时: 0ms | 响应结果: 
2025-12-15 13:52:47.221  INFO 10672 --- [http-nio-8080-exec-4] (313272804915154944) com.example.filter.RequestLogFilter      : 请求URL: "/api/auth/reset-password" (POST) | 远程IP地址: 0:0:0:0:0:0:0:1 │ 身份: 未验证 | 请求参数列表: {}
2025-12-15 13:52:47.368  INFO 10672 --- [http-nio-8080-exec-4] (313272804915154944) com.example.filter.RequestLogFilter      : 请求处理耗时: 147ms | 响应结果: {"id":313272804915154944,"code":200,"data":null,"message":"请求成功"}
2025-12-15 13:53:35.127  INFO 10672 --- [org.springframework.amqp.rabbit.RabbitListenerEndpointContainer#0-2] (system) o.s.a.r.l.SimpleMessageListenerContainer : Waiting for workers to finish.
2025-12-15 13:53:35.311  INFO 10672 --- [org.springframework.amqp.rabbit.RabbitListenerEndpointContainer#0-2] (system) o.s.a.r.l.SimpleMessageListenerContainer : Successfully waited for workers to finish.
2025-12-15 13:53:35.313  INFO 10672 --- [SpringApplicationShutdownHook] (system) o.s.b.w.e.tomcat.GracefulShutdown        : Commencing graceful shutdown. Waiting for active requests to complete
2025-12-15 13:53:35.526  INFO 10672 --- [tomcat-shutdown] (system) o.s.b.w.e.tomcat.GracefulShutdown        : Graceful shutdown complete
2025-12-15 13:53:35.540  INFO 10672 --- [SpringApplicationShutdownHook] (system) com.zaxxer.hikari.HikariDataSource       : HikariPool-1 - Shutdown initiated...
2025-12-15 13:53:35.546  INFO 10672 --- [SpringApplicationShutdownHook] (system) com.zaxxer.hikari.HikariDataSource       : HikariPool-1 - Shutdown completed.
